<?xml version="1.0" encoding="UTF-8"?>
<!-- Generated by org.testng.reporters.JUnitReportReporter -->
<testsuite skipped="0" hostname="Sukumar" name="week3.day2.Login" tests="1" failures="0" timestamp="21 Jul 2018 11:28:11 GMT" time="13250.650" errors="0">
  <testcase name="logiin" time="13250.650" classname="week3.day2.Login"/>
</testsuite> <!-- week3.day2.Login -->
